14:37:44 INFO  : Registering command handlers for SDK TCF services
14:37:45 INFO  : Launching XSCT server: xsct.bat -interactive D:\zynq\zynq_learning\CH01_hello_world\helloworld\helloworld.sdk\temp_xsdb_launch_script.tcl
14:37:48 INFO  : XSCT server has started successfully.
14:37:51 INFO  : Successfully done setting XSCT server connection channel  
14:37:51 INFO  : Successfully done setting SDK workspace  
14:37:51 INFO  : Processing command line option -hwspec D:/zynq/zynq_learning/CH01_hello_world/helloworld/helloworld.sdk/system_wrapper.hdf.
14:42:23 INFO  : Inferring section assignments and sizes from elf file: D:\zynq\zynq_learning\CH01_hello_world\helloworld\helloworld.sdk\HelloWorld\Debug\HelloWorld.elf
14:45:28 INFO  : Connected to target on host '127.0.0.1' and port '3121'.
14:45:29 INFO  : Jtag cable 'Digilent Zed 210248685660' is selected.
14:45:29 INFO  : 'jtag frequency' command is executed.
14:45:29 INFO  : Sourcing of 'D:/zynq/zynq_learning/CH01_hello_world/helloworld/helloworld.sdk/system_wrapper_hw_platform_0/ps7_init.tcl' is done.
14:45:29 INFO  : Context for 'APU' is selected.
14:45:29 INFO  : System reset is completed.
14:45:32 INFO  : 'after 3000' command is executed.
14:45:32 INFO  : 'targets -set -filter {jtag_cable_name =~ "Digilent Zed 210248685660" && level==0} -index 1' command is executed.
14:45:34 INFO  : FPGA configured successfully with bitstream "D:/zynq/zynq_learning/CH01_hello_world/helloworld/helloworld.sdk/system_wrapper_hw_platform_0/system_wrapper.bit"
14:45:34 INFO  : Context for 'APU' is selected.
14:45:34 INFO  : Hardware design information is loaded from 'D:/zynq/zynq_learning/CH01_hello_world/helloworld/helloworld.sdk/system_wrapper_hw_platform_0/system.hdf'.
14:45:34 INFO  : 'configparams force-mem-access 1' command is executed.
14:45:35 INFO  : Context for 'APU' is selected.
14:45:35 INFO  : 'ps7_init' command is executed.
14:45:35 INFO  : 'ps7_post_config' command is executed.
14:45:35 INFO  : Context for processor 'ps7_cortexa9_0' is selected.
14:45:35 INFO  : The application 'D:/zynq/zynq_learning/CH01_hello_world/helloworld/helloworld.sdk/HelloWorld/Debug/HelloWorld.elf' is downloaded to processor 'ps7_cortexa9_0'.
14:45:35 INFO  : 'configparams force-mem-access 0' command is executed.
14:45:35 INFO  : ----------------XSDB Script----------------
connect -url tcp:127.0.0.1:3121
source D:/zynq/zynq_learning/CH01_hello_world/helloworld/helloworld.sdk/system_wrapper_hw_platform_0/ps7_init.tcl
targets -set -nocase -filter {name =~"APU*" && jtag_cable_name =~ "Digilent Zed 210248685660"} -index 0
rst -system
after 3000
targets -set -filter {jtag_cable_name =~ "Digilent Zed 210248685660" && level==0} -index 1
fpga -file D:/zynq/zynq_learning/CH01_hello_world/helloworld/helloworld.sdk/system_wrapper_hw_platform_0/system_wrapper.bit
targets -set -nocase -filter {name =~"APU*" && jtag_cable_name =~ "Digilent Zed 210248685660"} -index 0
loadhw -hw D:/zynq/zynq_learning/CH01_hello_world/helloworld/helloworld.sdk/system_wrapper_hw_platform_0/system.hdf -mem-ranges [list {0x40000000 0xbfffffff}]
configparams force-mem-access 1
targets -set -nocase -filter {name =~"APU*" && jtag_cable_name =~ "Digilent Zed 210248685660"} -index 0
ps7_init
ps7_post_config
targets -set -nocase -filter {name =~ "ARM*#0" && jtag_cable_name =~ "Digilent Zed 210248685660"} -index 0
dow D:/zynq/zynq_learning/CH01_hello_world/helloworld/helloworld.sdk/HelloWorld/Debug/HelloWorld.elf
configparams force-mem-access 0
----------------End of Script----------------

14:45:35 INFO  : Memory regions updated for context APU
14:45:35 INFO  : Context for processor 'ps7_cortexa9_0' is selected.
14:45:35 INFO  : 'con' command is executed.
14:45:35 INFO  : ----------------XSDB Script (After Launch)----------------
targets -set -nocase -filter {name =~ "ARM*#0" && jtag_cable_name =~ "Digilent Zed 210248685660"} -index 0
con
----------------End of Script----------------

14:45:35 INFO  : Launch script is exported to file 'D:\zynq\zynq_learning\CH01_hello_world\helloworld\helloworld.sdk\.sdk\launch_scripts\xilinx_c-c++_application_(system_debugger)\system_debugger_using_debug_helloworld.elf_on_local.tcl'
14:48:29 INFO  : Disconnected from the channel tcfchan#1.
14:48:36 INFO  : Connected to target on host '127.0.0.1' and port '3121'.
14:48:37 INFO  : Jtag cable 'Digilent Zed 210248685660' is selected.
14:48:37 INFO  : 'jtag frequency' command is executed.
14:48:37 INFO  : Sourcing of 'D:/zynq/zynq_learning/CH01_hello_world/helloworld/helloworld.sdk/system_wrapper_hw_platform_0/ps7_init.tcl' is done.
14:48:37 INFO  : Context for 'APU' is selected.
14:48:37 INFO  : System reset is completed.
14:48:40 INFO  : 'after 3000' command is executed.
14:48:40 INFO  : 'targets -set -filter {jtag_cable_name =~ "Digilent Zed 210248685660" && level==0} -index 1' command is executed.
14:48:42 INFO  : FPGA configured successfully with bitstream "D:/zynq/zynq_learning/CH01_hello_world/helloworld/helloworld.sdk/system_wrapper_hw_platform_0/system_wrapper.bit"
14:48:42 INFO  : Context for 'APU' is selected.
14:48:45 INFO  : Hardware design information is loaded from 'D:/zynq/zynq_learning/CH01_hello_world/helloworld/helloworld.sdk/system_wrapper_hw_platform_0/system.hdf'.
14:48:45 INFO  : 'configparams force-mem-access 1' command is executed.
14:48:45 INFO  : Context for 'APU' is selected.
14:48:45 INFO  : 'ps7_init' command is executed.
14:48:45 INFO  : 'ps7_post_config' command is executed.
14:48:45 INFO  : Context for processor 'ps7_cortexa9_0' is selected.
14:48:46 INFO  : The application 'D:/zynq/zynq_learning/CH01_hello_world/helloworld/helloworld.sdk/HelloWorld/Debug/HelloWorld.elf' is downloaded to processor 'ps7_cortexa9_0'.
14:48:46 INFO  : 'configparams force-mem-access 0' command is executed.
14:48:46 INFO  : ----------------XSDB Script----------------
connect -url tcp:127.0.0.1:3121
source D:/zynq/zynq_learning/CH01_hello_world/helloworld/helloworld.sdk/system_wrapper_hw_platform_0/ps7_init.tcl
targets -set -nocase -filter {name =~"APU*" && jtag_cable_name =~ "Digilent Zed 210248685660"} -index 0
rst -system
after 3000
targets -set -filter {jtag_cable_name =~ "Digilent Zed 210248685660" && level==0} -index 1
fpga -file D:/zynq/zynq_learning/CH01_hello_world/helloworld/helloworld.sdk/system_wrapper_hw_platform_0/system_wrapper.bit
targets -set -nocase -filter {name =~"APU*" && jtag_cable_name =~ "Digilent Zed 210248685660"} -index 0
loadhw -hw D:/zynq/zynq_learning/CH01_hello_world/helloworld/helloworld.sdk/system_wrapper_hw_platform_0/system.hdf -mem-ranges [list {0x40000000 0xbfffffff}]
configparams force-mem-access 1
targets -set -nocase -filter {name =~"APU*" && jtag_cable_name =~ "Digilent Zed 210248685660"} -index 0
ps7_init
ps7_post_config
targets -set -nocase -filter {name =~ "ARM*#0" && jtag_cable_name =~ "Digilent Zed 210248685660"} -index 0
dow D:/zynq/zynq_learning/CH01_hello_world/helloworld/helloworld.sdk/HelloWorld/Debug/HelloWorld.elf
configparams force-mem-access 0
----------------End of Script----------------

14:48:46 INFO  : Memory regions updated for context APU
14:48:46 INFO  : Context for processor 'ps7_cortexa9_0' is selected.
14:48:46 INFO  : 'con' command is executed.
14:48:46 INFO  : ----------------XSDB Script (After Launch)----------------
targets -set -nocase -filter {name =~ "ARM*#0" && jtag_cable_name =~ "Digilent Zed 210248685660"} -index 0
con
----------------End of Script----------------

14:48:46 INFO  : Launch script is exported to file 'D:\zynq\zynq_learning\CH01_hello_world\helloworld\helloworld.sdk\.sdk\launch_scripts\xilinx_c-c++_application_(system_debugger)\system_debugger_using_debug_helloworld.elf_on_local.tcl'
