15:52:04 INFO  : Registering command handlers for SDK TCF services
15:52:06 INFO  : Launching XSCT server: xsct.bat -interactive D:\zynq\zynq_learning\CH2_MIO_LED\CH2_MIO_LED.sdk\temp_xsdb_launch_script.tcl
15:52:11 INFO  : XSCT server has started successfully.
15:52:13 INFO  : Successfully done setting XSCT server connection channel  
15:52:13 INFO  : Successfully done setting SDK workspace  
15:52:13 INFO  : Processing command line option -hwspec D:/zynq/zynq_learning/CH2_MIO_LED/CH2_MIO_LED.sdk/system_wrapper.hdf.
16:15:26 INFO  : Connected to target on host '127.0.0.1' and port '3121'.
16:15:27 INFO  : Jtag cable 'Digilent Zed 210248685660' is selected.
16:15:27 INFO  : 'jtag frequency' command is executed.
16:15:27 INFO  : Sourcing of 'D:/zynq/zynq_learning/CH2_MIO_LED/CH2_MIO_LED.sdk/system_wrapper_hw_platform_0/ps7_init.tcl' is done.
16:15:27 INFO  : Context for 'APU' is selected.
16:15:27 INFO  : System reset is completed.
16:15:30 INFO  : 'after 3000' command is executed.
16:15:30 INFO  : 'targets -set -filter {jtag_cable_name =~ "Digilent Zed 210248685660" && level==0} -index 1' command is executed.
16:15:33 INFO  : FPGA configured successfully with bitstream "D:/zynq/zynq_learning/CH2_MIO_LED/CH2_MIO_LED.sdk/system_wrapper_hw_platform_0/system_wrapper.bit"
16:15:33 INFO  : Context for 'APU' is selected.
16:15:33 INFO  : Hardware design information is loaded from 'D:/zynq/zynq_learning/CH2_MIO_LED/CH2_MIO_LED.sdk/system_wrapper_hw_platform_0/system.hdf'.
16:15:33 INFO  : 'configparams force-mem-access 1' command is executed.
16:15:33 INFO  : Context for 'APU' is selected.
16:15:33 INFO  : 'ps7_init' command is executed.
16:15:33 INFO  : 'ps7_post_config' command is executed.
16:15:33 INFO  : 'configparams force-mem-access 0' command is executed.
16:15:33 INFO  : ----------------XSDB Script----------------
connect -url tcp:127.0.0.1:3121
source D:/zynq/zynq_learning/CH2_MIO_LED/CH2_MIO_LED.sdk/system_wrapper_hw_platform_0/ps7_init.tcl
targets -set -nocase -filter {name =~"APU*" && jtag_cable_name =~ "Digilent Zed 210248685660"} -index 0
rst -system
after 3000
targets -set -filter {jtag_cable_name =~ "Digilent Zed 210248685660" && level==0} -index 1
fpga -file D:/zynq/zynq_learning/CH2_MIO_LED/CH2_MIO_LED.sdk/system_wrapper_hw_platform_0/system_wrapper.bit
targets -set -nocase -filter {name =~"APU*" && jtag_cable_name =~ "Digilent Zed 210248685660"} -index 0
loadhw -hw D:/zynq/zynq_learning/CH2_MIO_LED/CH2_MIO_LED.sdk/system_wrapper_hw_platform_0/system.hdf -mem-ranges [list {0x40000000 0xbfffffff}]
configparams force-mem-access 1
targets -set -nocase -filter {name =~"APU*" && jtag_cable_name =~ "Digilent Zed 210248685660"} -index 0
ps7_init
ps7_post_config
configparams force-mem-access 0
----------------End of Script----------------

16:15:33 INFO  : Memory regions updated for context APU
16:15:33 INFO  : Launch script is exported to file 'D:\zynq\zynq_learning\CH2_MIO_LED\CH2_MIO_LED.sdk\.sdk\launch_scripts\xilinx_c-c++_application_(system_debugger)\system_debugger_on_local.tcl'
16:16:37 INFO  : Disconnected from the channel tcfchan#1.
16:16:38 INFO  : Connected to target on host '127.0.0.1' and port '3121'.
16:16:38 INFO  : Jtag cable 'Digilent Zed 210248685660' is selected.
16:16:38 INFO  : 'jtag frequency' command is executed.
16:16:38 INFO  : Sourcing of 'D:/zynq/zynq_learning/CH2_MIO_LED/CH2_MIO_LED.sdk/system_wrapper_hw_platform_0/ps7_init.tcl' is done.
16:16:39 INFO  : Context for 'APU' is selected.
16:16:39 INFO  : System reset is completed.
16:16:42 INFO  : 'after 3000' command is executed.
16:16:42 INFO  : 'targets -set -filter {jtag_cable_name =~ "Digilent Zed 210248685660" && level==0} -index 1' command is executed.
16:16:44 INFO  : FPGA configured successfully with bitstream "D:/zynq/zynq_learning/CH2_MIO_LED/CH2_MIO_LED.sdk/system_wrapper_hw_platform_0/system_wrapper.bit"
16:16:44 INFO  : Context for 'APU' is selected.
16:16:47 INFO  : Hardware design information is loaded from 'D:/zynq/zynq_learning/CH2_MIO_LED/CH2_MIO_LED.sdk/system_wrapper_hw_platform_0/system.hdf'.
16:16:47 INFO  : 'configparams force-mem-access 1' command is executed.
16:16:47 INFO  : Context for 'APU' is selected.
16:16:47 INFO  : 'ps7_init' command is executed.
16:16:47 INFO  : 'ps7_post_config' command is executed.
16:16:47 INFO  : 'configparams force-mem-access 0' command is executed.
16:16:47 INFO  : ----------------XSDB Script----------------
connect -url tcp:127.0.0.1:3121
source D:/zynq/zynq_learning/CH2_MIO_LED/CH2_MIO_LED.sdk/system_wrapper_hw_platform_0/ps7_init.tcl
targets -set -nocase -filter {name =~"APU*" && jtag_cable_name =~ "Digilent Zed 210248685660"} -index 0
rst -system
after 3000
targets -set -filter {jtag_cable_name =~ "Digilent Zed 210248685660" && level==0} -index 1
fpga -file D:/zynq/zynq_learning/CH2_MIO_LED/CH2_MIO_LED.sdk/system_wrapper_hw_platform_0/system_wrapper.bit
targets -set -nocase -filter {name =~"APU*" && jtag_cable_name =~ "Digilent Zed 210248685660"} -index 0
loadhw -hw D:/zynq/zynq_learning/CH2_MIO_LED/CH2_MIO_LED.sdk/system_wrapper_hw_platform_0/system.hdf -mem-ranges [list {0x40000000 0xbfffffff}]
configparams force-mem-access 1
targets -set -nocase -filter {name =~"APU*" && jtag_cable_name =~ "Digilent Zed 210248685660"} -index 0
ps7_init
ps7_post_config
configparams force-mem-access 0
----------------End of Script----------------

16:16:47 INFO  : Memory regions updated for context APU
16:16:47 INFO  : Launch script is exported to file 'D:\zynq\zynq_learning\CH2_MIO_LED\CH2_MIO_LED.sdk\.sdk\launch_scripts\xilinx_c-c++_application_(system_debugger)\system_debugger_on_local.tcl'
16:20:15 INFO  : Connected to target on host '127.0.0.1' and port '3121'.
16:20:24 INFO  : ----------------XSDB Script----------------
connect -url tcp:127.0.0.1:3121
----------------End of Script----------------

16:21:06 INFO  : Connected to target on host '127.0.0.1' and port '3121'.
16:21:15 INFO  : ----------------XSDB Script----------------
connect -url tcp:127.0.0.1:3121
----------------End of Script----------------

16:24:46 INFO  : Connected to target on host '127.0.0.1' and port '3121'.
16:24:47 INFO  : Jtag cable 'Digilent Zed 210248685660' is selected.
16:24:47 INFO  : 'jtag frequency' command is executed.
16:24:47 INFO  : Sourcing of 'D:/zynq/zynq_learning/CH2_MIO_LED/CH2_MIO_LED.sdk/system_wrapper_hw_platform_0/ps7_init.tcl' is done.
16:24:47 INFO  : Context for 'APU' is selected.
16:24:47 INFO  : System reset is completed.
16:24:50 INFO  : 'after 3000' command is executed.
16:24:50 INFO  : 'targets -set -filter {jtag_cable_name =~ "Digilent Zed 210248685660" && level==0} -index 1' command is executed.
16:24:52 INFO  : FPGA configured successfully with bitstream "D:/zynq/zynq_learning/CH2_MIO_LED/CH2_MIO_LED.sdk/system_wrapper_hw_platform_0/system_wrapper.bit"
16:24:52 INFO  : Context for 'APU' is selected.
16:24:52 INFO  : Hardware design information is loaded from 'D:/zynq/zynq_learning/CH2_MIO_LED/CH2_MIO_LED.sdk/system_wrapper_hw_platform_0/system.hdf'.
16:24:52 INFO  : 'configparams force-mem-access 1' command is executed.
16:24:52 INFO  : Context for 'APU' is selected.
16:24:53 INFO  : 'ps7_init' command is executed.
16:24:53 INFO  : 'ps7_post_config' command is executed.
16:24:53 INFO  : Context for processor 'ps7_cortexa9_0' is selected.
16:24:53 INFO  : The application 'D:/zynq/zynq_learning/CH2_MIO_LED/CH2_MIO_LED.sdk/MIO_LED/Debug/MIO_LED.elf' is downloaded to processor 'ps7_cortexa9_0'.
16:24:53 INFO  : 'configparams force-mem-access 0' command is executed.
16:24:53 INFO  : ----------------XSDB Script----------------
connect -url tcp:127.0.0.1:3121
source D:/zynq/zynq_learning/CH2_MIO_LED/CH2_MIO_LED.sdk/system_wrapper_hw_platform_0/ps7_init.tcl
targets -set -nocase -filter {name =~"APU*" && jtag_cable_name =~ "Digilent Zed 210248685660"} -index 0
rst -system
after 3000
targets -set -filter {jtag_cable_name =~ "Digilent Zed 210248685660" && level==0} -index 1
fpga -file D:/zynq/zynq_learning/CH2_MIO_LED/CH2_MIO_LED.sdk/system_wrapper_hw_platform_0/system_wrapper.bit
targets -set -nocase -filter {name =~"APU*" && jtag_cable_name =~ "Digilent Zed 210248685660"} -index 0
loadhw -hw D:/zynq/zynq_learning/CH2_MIO_LED/CH2_MIO_LED.sdk/system_wrapper_hw_platform_0/system.hdf -mem-ranges [list {0x40000000 0xbfffffff}]
configparams force-mem-access 1
targets -set -nocase -filter {name =~"APU*" && jtag_cable_name =~ "Digilent Zed 210248685660"} -index 0
ps7_init
ps7_post_config
targets -set -nocase -filter {name =~ "ARM*#0" && jtag_cable_name =~ "Digilent Zed 210248685660"} -index 0
dow D:/zynq/zynq_learning/CH2_MIO_LED/CH2_MIO_LED.sdk/MIO_LED/Debug/MIO_LED.elf
configparams force-mem-access 0
----------------End of Script----------------

16:24:53 INFO  : Memory regions updated for context APU
16:24:53 INFO  : Launch script is exported to file 'D:\zynq\zynq_learning\CH2_MIO_LED\CH2_MIO_LED.sdk\.sdk\launch_scripts\xilinx_c-c++_application_(system_debugger)\system_debugger_on_local.tcl'
16:26:05 INFO  : Disconnected from the channel tcfchan#2.
16:26:06 INFO  : Connected to target on host '127.0.0.1' and port '3121'.
16:26:06 INFO  : Jtag cable 'Digilent Zed 210248685660' is selected.
16:26:06 INFO  : 'jtag frequency' command is executed.
16:26:06 INFO  : Sourcing of 'D:/zynq/zynq_learning/CH2_MIO_LED/CH2_MIO_LED.sdk/system_wrapper_hw_platform_0/ps7_init.tcl' is done.
16:26:06 INFO  : Context for 'APU' is selected.
16:26:06 INFO  : System reset is completed.
16:26:09 INFO  : 'after 3000' command is executed.
16:26:09 INFO  : 'targets -set -filter {jtag_cable_name =~ "Digilent Zed 210248685660" && level==0} -index 1' command is executed.
16:26:12 INFO  : FPGA configured successfully with bitstream "D:/zynq/zynq_learning/CH2_MIO_LED/CH2_MIO_LED.sdk/system_wrapper_hw_platform_0/system_wrapper.bit"
16:26:12 INFO  : Context for 'APU' is selected.
16:26:14 INFO  : Hardware design information is loaded from 'D:/zynq/zynq_learning/CH2_MIO_LED/CH2_MIO_LED.sdk/system_wrapper_hw_platform_0/system.hdf'.
16:26:14 INFO  : 'configparams force-mem-access 1' command is executed.
16:26:14 INFO  : Context for 'APU' is selected.
16:26:14 INFO  : 'ps7_init' command is executed.
16:26:14 INFO  : 'ps7_post_config' command is executed.
16:26:14 INFO  : 'configparams force-mem-access 0' command is executed.
16:26:14 INFO  : ----------------XSDB Script----------------
connect -url tcp:127.0.0.1:3121
source D:/zynq/zynq_learning/CH2_MIO_LED/CH2_MIO_LED.sdk/system_wrapper_hw_platform_0/ps7_init.tcl
targets -set -nocase -filter {name =~"APU*" && jtag_cable_name =~ "Digilent Zed 210248685660"} -index 0
rst -system
after 3000
targets -set -filter {jtag_cable_name =~ "Digilent Zed 210248685660" && level==0} -index 1
fpga -file D:/zynq/zynq_learning/CH2_MIO_LED/CH2_MIO_LED.sdk/system_wrapper_hw_platform_0/system_wrapper.bit
targets -set -nocase -filter {name =~"APU*" && jtag_cable_name =~ "Digilent Zed 210248685660"} -index 0
loadhw -hw D:/zynq/zynq_learning/CH2_MIO_LED/CH2_MIO_LED.sdk/system_wrapper_hw_platform_0/system.hdf -mem-ranges [list {0x40000000 0xbfffffff}]
configparams force-mem-access 1
targets -set -nocase -filter {name =~"APU*" && jtag_cable_name =~ "Digilent Zed 210248685660"} -index 0
ps7_init
ps7_post_config
configparams force-mem-access 0
----------------End of Script----------------

16:26:14 INFO  : Memory regions updated for context APU
16:26:14 INFO  : Launch script is exported to file 'D:\zynq\zynq_learning\CH2_MIO_LED\CH2_MIO_LED.sdk\.sdk\launch_scripts\xilinx_c-c++_application_(system_debugger)\system_debugger_on_local.tcl'
16:28:11 INFO  : Connected to target on host '127.0.0.1' and port '3121'.
16:28:12 INFO  : Jtag cable 'Digilent Zed 210248685660' is selected.
16:28:12 INFO  : 'jtag frequency' command is executed.
16:28:12 INFO  : Sourcing of 'D:/zynq/zynq_learning/CH2_MIO_LED/CH2_MIO_LED.sdk/system_wrapper_hw_platform_0/ps7_init.tcl' is done.
16:28:12 INFO  : Context for 'APU' is selected.
16:28:12 INFO  : System reset is completed.
16:28:15 INFO  : 'after 3000' command is executed.
16:28:15 INFO  : 'targets -set -filter {jtag_cable_name =~ "Digilent Zed 210248685660" && level==0} -index 1' command is executed.
16:28:17 INFO  : FPGA configured successfully with bitstream "D:/zynq/zynq_learning/CH2_MIO_LED/CH2_MIO_LED.sdk/system_wrapper_hw_platform_0/system_wrapper.bit"
16:28:17 INFO  : Context for 'APU' is selected.
16:28:17 INFO  : Hardware design information is loaded from 'D:/zynq/zynq_learning/CH2_MIO_LED/CH2_MIO_LED.sdk/system_wrapper_hw_platform_0/system.hdf'.
16:28:17 INFO  : 'configparams force-mem-access 1' command is executed.
16:28:18 INFO  : Context for 'APU' is selected.
16:28:18 INFO  : 'ps7_init' command is executed.
16:28:18 INFO  : 'ps7_post_config' command is executed.
16:28:18 INFO  : 'configparams force-mem-access 0' command is executed.
16:28:18 INFO  : ----------------XSDB Script----------------
connect -url tcp:127.0.0.1:3121
source D:/zynq/zynq_learning/CH2_MIO_LED/CH2_MIO_LED.sdk/system_wrapper_hw_platform_0/ps7_init.tcl
targets -set -nocase -filter {name =~"APU*" && jtag_cable_name =~ "Digilent Zed 210248685660"} -index 0
rst -system
after 3000
targets -set -filter {jtag_cable_name =~ "Digilent Zed 210248685660" && level==0} -index 1
fpga -file D:/zynq/zynq_learning/CH2_MIO_LED/CH2_MIO_LED.sdk/system_wrapper_hw_platform_0/system_wrapper.bit
targets -set -nocase -filter {name =~"APU*" && jtag_cable_name =~ "Digilent Zed 210248685660"} -index 0
loadhw -hw D:/zynq/zynq_learning/CH2_MIO_LED/CH2_MIO_LED.sdk/system_wrapper_hw_platform_0/system.hdf -mem-ranges [list {0x40000000 0xbfffffff}]
configparams force-mem-access 1
targets -set -nocase -filter {name =~"APU*" && jtag_cable_name =~ "Digilent Zed 210248685660"} -index 0
ps7_init
ps7_post_config
configparams force-mem-access 0
----------------End of Script----------------

16:28:18 INFO  : Memory regions updated for context APU
16:28:18 INFO  : Launch script is exported to file 'D:\zynq\zynq_learning\CH2_MIO_LED\CH2_MIO_LED.sdk\.sdk\launch_scripts\xilinx_c-c++_application_(system_debugger)\system_debugger_on_local.tcl'
16:29:00 INFO  : Connected to target on host '127.0.0.1' and port '3121'.
16:29:00 INFO  : 'targets -set -filter {jtag_cable_name =~ "Digilent Zed 210248685660" && level==0} -index 1' command is executed.
16:29:03 INFO  : FPGA configured successfully with bitstream "D:/zynq/zynq_learning/CH2_MIO_LED/CH2_MIO_LED.sdk/system_wrapper_hw_platform_0/system_wrapper.bit"
16:29:16 INFO  : 'targets -set -filter {jtag_cable_name =~ "Digilent Zed 210248685660" && level==0} -index 1' command is executed.
16:29:16 INFO  : 'fpga -state' command is executed.
16:29:16 INFO  : Connected to target on host '127.0.0.1' and port '3121'.
16:29:17 INFO  : Jtag cable 'Digilent Zed 210248685660' is selected.
16:29:17 INFO  : 'jtag frequency' command is executed.
16:29:17 INFO  : Sourcing of 'D:/zynq/zynq_learning/CH2_MIO_LED/CH2_MIO_LED.sdk/system_wrapper_hw_platform_0/ps7_init.tcl' is done.
16:29:17 INFO  : Context for 'APU' is selected.
16:29:17 INFO  : Hardware design information is loaded from 'D:/zynq/zynq_learning/CH2_MIO_LED/CH2_MIO_LED.sdk/system_wrapper_hw_platform_0/system.hdf'.
16:29:17 INFO  : 'configparams force-mem-access 1' command is executed.
16:29:17 INFO  : Context for 'APU' is selected.
16:29:17 INFO  : 'stop' command is executed.
16:29:17 INFO  : 'ps7_init' command is executed.
16:29:17 INFO  : 'ps7_post_config' command is executed.
16:29:17 INFO  : Context for processor 'ps7_cortexa9_0' is selected.
16:29:17 INFO  : Processor reset is completed for 'ps7_cortexa9_0'.
16:29:17 INFO  : Context for processor 'ps7_cortexa9_0' is selected.
16:29:17 INFO  : The application 'D:/zynq/zynq_learning/CH2_MIO_LED/CH2_MIO_LED.sdk/MIO_LED/Debug/MIO_LED.elf' is downloaded to processor 'ps7_cortexa9_0'.
16:29:17 INFO  : 'configparams force-mem-access 0' command is executed.
16:29:17 INFO  : ----------------XSDB Script----------------
connect -url tcp:127.0.0.1:3121
source D:/zynq/zynq_learning/CH2_MIO_LED/CH2_MIO_LED.sdk/system_wrapper_hw_platform_0/ps7_init.tcl
targets -set -nocase -filter {name =~"APU*" && jtag_cable_name =~ "Digilent Zed 210248685660"} -index 0
loadhw -hw D:/zynq/zynq_learning/CH2_MIO_LED/CH2_MIO_LED.sdk/system_wrapper_hw_platform_0/system.hdf -mem-ranges [list {0x40000000 0xbfffffff}]
configparams force-mem-access 1
targets -set -nocase -filter {name =~"APU*" && jtag_cable_name =~ "Digilent Zed 210248685660"} -index 0
stop
ps7_init
ps7_post_config
targets -set -nocase -filter {name =~ "ARM*#0" && jtag_cable_name =~ "Digilent Zed 210248685660"} -index 0
rst -processor
targets -set -nocase -filter {name =~ "ARM*#0" && jtag_cable_name =~ "Digilent Zed 210248685660"} -index 0
dow D:/zynq/zynq_learning/CH2_MIO_LED/CH2_MIO_LED.sdk/MIO_LED/Debug/MIO_LED.elf
configparams force-mem-access 0
----------------End of Script----------------

16:29:17 INFO  : Memory regions updated for context APU
16:29:17 INFO  : Context for processor 'ps7_cortexa9_0' is selected.
16:29:18 INFO  : 'con' command is executed.
16:29:18 INFO  : ----------------XSDB Script (After Launch)----------------
targets -set -nocase -filter {name =~ "ARM*#0" && jtag_cable_name =~ "Digilent Zed 210248685660"} -index 0
con
----------------End of Script----------------

16:29:18 INFO  : Launch script is exported to file 'D:\zynq\zynq_learning\CH2_MIO_LED\CH2_MIO_LED.sdk\.sdk\launch_scripts\xilinx_c-c++_application_(system_debugger)\system_debugger_using_debug_mio_led.elf_on_local.tcl'
16:30:48 INFO  : Connected to target on host '127.0.0.1' and port '3121'.
16:30:48 INFO  : Jtag cable 'Digilent Zed 210248685660' is selected.
16:30:48 INFO  : 'jtag frequency' command is executed.
16:30:48 INFO  : Sourcing of 'D:/zynq/zynq_learning/CH2_MIO_LED/CH2_MIO_LED.sdk/system_wrapper_hw_platform_0/ps7_init.tcl' is done.
16:30:48 INFO  : 'targets -set -filter {jtag_cable_name =~ "Digilent Zed 210248685660" && level==0} -index 1' command is executed.
16:30:51 INFO  : FPGA configured successfully with bitstream "D:/zynq/zynq_learning/CH2_MIO_LED/CH2_MIO_LED.sdk/system_wrapper_hw_platform_0/system_wrapper.bit"
16:30:51 INFO  : Context for 'APU' is selected.
16:30:51 INFO  : Hardware design information is loaded from 'D:/zynq/zynq_learning/CH2_MIO_LED/CH2_MIO_LED.sdk/system_wrapper_hw_platform_0/system.hdf'.
16:30:51 INFO  : 'configparams force-mem-access 1' command is executed.
16:30:51 INFO  : Context for 'APU' is selected.
16:30:51 INFO  : 'stop' command is executed.
16:30:51 INFO  : 'ps7_init' command is executed.
16:30:51 INFO  : 'ps7_post_config' command is executed.
16:30:51 INFO  : Context for processor 'ps7_cortexa9_0' is selected.
16:30:51 INFO  : Processor reset is completed for 'ps7_cortexa9_0'.
16:30:51 INFO  : Context for processor 'ps7_cortexa9_0' is selected.
16:30:51 INFO  : The application 'D:/zynq/zynq_learning/CH2_MIO_LED/CH2_MIO_LED.sdk/MIO_LED/Debug/MIO_LED.elf' is downloaded to processor 'ps7_cortexa9_0'.
16:30:51 INFO  : 'configparams force-mem-access 0' command is executed.
16:30:51 INFO  : ----------------XSDB Script----------------
connect -url tcp:127.0.0.1:3121
source D:/zynq/zynq_learning/CH2_MIO_LED/CH2_MIO_LED.sdk/system_wrapper_hw_platform_0/ps7_init.tcl
targets -set -filter {jtag_cable_name =~ "Digilent Zed 210248685660" && level==0} -index 1
fpga -file D:/zynq/zynq_learning/CH2_MIO_LED/CH2_MIO_LED.sdk/system_wrapper_hw_platform_0/system_wrapper.bit
targets -set -nocase -filter {name =~"APU*" && jtag_cable_name =~ "Digilent Zed 210248685660"} -index 0
loadhw -hw D:/zynq/zynq_learning/CH2_MIO_LED/CH2_MIO_LED.sdk/system_wrapper_hw_platform_0/system.hdf -mem-ranges [list {0x40000000 0xbfffffff}]
configparams force-mem-access 1
targets -set -nocase -filter {name =~"APU*" && jtag_cable_name =~ "Digilent Zed 210248685660"} -index 0
stop
ps7_init
ps7_post_config
targets -set -nocase -filter {name =~ "ARM*#0" && jtag_cable_name =~ "Digilent Zed 210248685660"} -index 0
rst -processor
targets -set -nocase -filter {name =~ "ARM*#0" && jtag_cable_name =~ "Digilent Zed 210248685660"} -index 0
dow D:/zynq/zynq_learning/CH2_MIO_LED/CH2_MIO_LED.sdk/MIO_LED/Debug/MIO_LED.elf
configparams force-mem-access 0
----------------End of Script----------------

16:30:51 INFO  : Memory regions updated for context APU
16:30:51 INFO  : Context for processor 'ps7_cortexa9_0' is selected.
16:30:51 INFO  : 'con' command is executed.
16:30:51 INFO  : ----------------XSDB Script (After Launch)----------------
targets -set -nocase -filter {name =~ "ARM*#0" && jtag_cable_name =~ "Digilent Zed 210248685660"} -index 0
con
----------------End of Script----------------

16:30:51 INFO  : Launch script is exported to file 'D:\zynq\zynq_learning\CH2_MIO_LED\CH2_MIO_LED.sdk\.sdk\launch_scripts\xilinx_c-c++_application_(system_debugger)\system_debugger_on_local.tcl'
16:38:28 INFO  : Disconnected from the channel tcfchan#3.
16:38:29 INFO  : Connected to target on host '127.0.0.1' and port '3121'.
16:38:38 INFO  : ----------------XSDB Script----------------
connect -url tcp:127.0.0.1:3121
----------------End of Script----------------

16:38:55 INFO  : Connected to target on host '127.0.0.1' and port '3121'.
16:39:04 INFO  : ----------------XSDB Script----------------
connect -url tcp:127.0.0.1:3121
----------------End of Script----------------

16:39:29 INFO  : Connected to target on host '127.0.0.1' and port '3121'.
16:40:12 WARN  : channel "tcfchan#2" closed
16:40:23 INFO  : Connected to target on host '127.0.0.1' and port '3121'.
16:40:23 INFO  : 'targets -set -filter {jtag_cable_name =~ "Digilent Zed 210248685660" && level==0} -index 1' command is executed.
16:40:25 INFO  : FPGA configured successfully with bitstream "D:/zynq/zynq_learning/CH2_MIO_LED/CH2_MIO_LED.sdk/system_wrapper_hw_platform_0/system_wrapper.bit"
16:41:03 INFO  : Connected to target on host '127.0.0.1' and port '3121'.
16:41:04 INFO  : Jtag cable 'Digilent Zed 210248685660' is selected.
16:41:04 INFO  : 'jtag frequency' command is executed.
16:41:04 INFO  : Sourcing of 'D:/zynq/zynq_learning/CH2_MIO_LED/CH2_MIO_LED.sdk/system_wrapper_hw_platform_0/ps7_init.tcl' is done.
16:41:04 INFO  : 'targets -set -filter {jtag_cable_name =~ "Digilent Zed 210248685660" && level==0} -index 1' command is executed.
16:41:06 INFO  : FPGA configured successfully with bitstream "D:/zynq/zynq_learning/CH2_MIO_LED/CH2_MIO_LED.sdk/system_wrapper_hw_platform_0/system_wrapper.bit"
16:41:06 INFO  : Context for 'APU' is selected.
16:41:06 INFO  : Hardware design information is loaded from 'D:/zynq/zynq_learning/CH2_MIO_LED/CH2_MIO_LED.sdk/system_wrapper_hw_platform_0/system.hdf'.
16:41:06 INFO  : 'configparams force-mem-access 1' command is executed.
16:41:06 INFO  : Context for 'APU' is selected.
16:41:06 INFO  : 'stop' command is executed.
16:41:06 INFO  : 'ps7_init' command is executed.
16:41:07 INFO  : Context for processor 'ps7_cortexa9_0' is selected.
16:41:07 INFO  : Processor reset is completed for 'ps7_cortexa9_0'.
16:41:07 INFO  : Context for processor 'ps7_cortexa9_0' is selected.
16:41:07 INFO  : The application 'D:/zynq/zynq_learning/CH2_MIO_LED/CH2_MIO_LED.sdk/MIO_LED/Debug/MIO_LED.elf' is downloaded to processor 'ps7_cortexa9_0'.
16:41:07 INFO  : 'configparams force-mem-access 0' command is executed.
16:41:07 INFO  : ----------------XSDB Script----------------
connect -url tcp:127.0.0.1:3121
source D:/zynq/zynq_learning/CH2_MIO_LED/CH2_MIO_LED.sdk/system_wrapper_hw_platform_0/ps7_init.tcl
targets -set -filter {jtag_cable_name =~ "Digilent Zed 210248685660" && level==0} -index 1
fpga -file D:/zynq/zynq_learning/CH2_MIO_LED/CH2_MIO_LED.sdk/system_wrapper_hw_platform_0/system_wrapper.bit
targets -set -nocase -filter {name =~"APU*" && jtag_cable_name =~ "Digilent Zed 210248685660"} -index 0
loadhw -hw D:/zynq/zynq_learning/CH2_MIO_LED/CH2_MIO_LED.sdk/system_wrapper_hw_platform_0/system.hdf -mem-ranges [list {0x40000000 0xbfffffff}]
configparams force-mem-access 1
targets -set -nocase -filter {name =~"APU*" && jtag_cable_name =~ "Digilent Zed 210248685660"} -index 0
stop
ps7_init
targets -set -nocase -filter {name =~ "ARM*#0" && jtag_cable_name =~ "Digilent Zed 210248685660"} -index 0
rst -processor
targets -set -nocase -filter {name =~ "ARM*#0" && jtag_cable_name =~ "Digilent Zed 210248685660"} -index 0
dow D:/zynq/zynq_learning/CH2_MIO_LED/CH2_MIO_LED.sdk/MIO_LED/Debug/MIO_LED.elf
configparams force-mem-access 0
----------------End of Script----------------

16:41:07 INFO  : Memory regions updated for context APU
16:41:07 INFO  : Context for processor 'ps7_cortexa9_0' is selected.
16:41:07 INFO  : 'con' command is executed.
16:41:07 INFO  : ----------------XSDB Script (After Launch)----------------
targets -set -nocase -filter {name =~ "ARM*#0" && jtag_cable_name =~ "Digilent Zed 210248685660"} -index 0
con
----------------End of Script----------------

16:41:07 INFO  : Launch script is exported to file 'D:\zynq\zynq_learning\CH2_MIO_LED\CH2_MIO_LED.sdk\.sdk\launch_scripts\xilinx_c-c++_application_(system_debugger)\system_debugger_on_local.tcl'
16:59:39 WARN  : channel "tcfchan#3" closed
17:02:39 WARN  : channel "tcfchan#3" closed
17:02:39 WARN  : channel "tcfchan#3" closed
17:02:39 INFO  : Disconnected from the channel tcfchan#4.
